<?xml version="1.0" encoding="UTF-8"?>
<!-- Generated by org.testng.reporters.JUnitReportReporter -->
<testsuite skipped="0" hostname="LE-PF1EPTKS" name="com.automation.qa.testcases.SearchPageTest" tests="5" failures="0" timestamp="08 Mar 2020 22:49:37 GMT" time="111.797" errors="0">
  <testcase name="verifyPageTitle" time="18.425" classname="com.automation.qa.testcases.SearchPageTest"/>
  <testcase name="verifySearchBoxPresentTest" time="18.584" classname="com.automation.qa.testcases.SearchPageTest"/>
  <testcase name="verifyEnterSearchTextTest" time="18.006" classname="com.automation.qa.testcases.SearchPageTest"/>
  <testcase name="verifySearchResultNotNullTest" time="38.429" classname="com.automation.qa.testcases.SearchPageTest"/>
  <testcase name="verifyResultTextTest" time="18.353" classname="com.automation.qa.testcases.SearchPageTest"/>
</testsuite> <!-- com.automation.qa.testcases.SearchPageTest -->
