<?xml version="1.0" encoding="UTF-8"?>
<!-- Generated by org.testng.reporters.JUnitReportReporter -->
<testsuite skipped="0" hostname="LE-PF1EPTKS" name="com.automation.qa.testcases.OrderHistoryPageTest" tests="3" failures="0" timestamp="09 Mar 2020 15:53:20 GMT" time="78.758" errors="0">
  <testcase name="verifyOrderHistoryExistTest" time="19.280" classname="com.automation.qa.testcases.OrderHistoryPageTest"/>
  <testcase name="verifyOrderHistoryNotEmptyTest" time="38.763" classname="com.automation.qa.testcases.OrderHistoryPageTest"/>
  <testcase name="verifyDownloadInvoiceTest" time="20.715" classname="com.automation.qa.testcases.OrderHistoryPageTest"/>
</testsuite> <!-- com.automation.qa.testcases.OrderHistoryPageTest -->
