<?xml version="1.0" encoding="UTF-8"?>
<!-- Generated by org.testng.reporters.JUnitReportReporter -->
<testsuite skipped="0" hostname="LE-PF1EPTKS" name="com.automation.qa.testcases.HomePageTest" tests="3" failures="0" timestamp="08 Mar 2020 22:49:37 GMT" time="49.773" errors="0">
  <testcase name="verifyHomePageTitleTest" time="16.823" classname="com.automation.qa.testcases.HomePageTest"/>
  <testcase name="verifyUserAccountNameTest" time="16.336" classname="com.automation.qa.testcases.HomePageTest"/>
  <testcase name="verifyMyCartLinkAndSearchBoxTest" time="16.614" classname="com.automation.qa.testcases.HomePageTest"/>
</testsuite> <!-- com.automation.qa.testcases.HomePageTest -->
