<?xml version="1.0" encoding="UTF-8"?>
<!-- Generated by org.testng.reporters.JUnitReportReporter -->
<testsuite skipped="0" hostname="LE-PF1EPTKS" name="com.automation.qa.testcases.SearchPageTest" tests="5" failures="0" timestamp="09 Mar 2020 15:53:20 GMT" time="117.233" errors="0">
  <testcase name="verifyPageTitle" time="18.584" classname="com.automation.qa.testcases.SearchPageTest"/>
  <testcase name="verifySearchBoxPresentTest" time="19.444" classname="com.automation.qa.testcases.SearchPageTest"/>
  <testcase name="verifyEnterSearchTextTest" time="22.137" classname="com.automation.qa.testcases.SearchPageTest"/>
  <testcase name="verifySearchResultNotNullTest" time="38.091" classname="com.automation.qa.testcases.SearchPageTest"/>
  <testcase name="verifyResultTextTest" time="18.977" classname="com.automation.qa.testcases.SearchPageTest"/>
</testsuite> <!-- com.automation.qa.testcases.SearchPageTest -->
