<?xml version="1.0" encoding="UTF-8"?>
<!-- Generated by org.testng.reporters.JUnitReportReporter -->
<testsuite skipped="0" hostname="LE-PF1EPTKS" name="com.automation.qa.testcases.LoginPageTest" tests="4" failures="0" timestamp="08 Mar 2020 00:21:55 GMT" time="62.550" errors="0">
  <testcase name="verifyPageTitleTest" time="14.585" classname="com.automation.qa.testcases.LoginPageTest"/>
  <testcase name="verifyLogoDisplayTest" time="14.200" classname="com.automation.qa.testcases.LoginPageTest"/>
  <testcase name="verifyLoginTest" time="16.441" classname="com.automation.qa.testcases.LoginPageTest"/>
  <testcase name="verifyInvalidLoginAndCaptureScreenshotTest" time="17.324" classname="com.automation.qa.testcases.LoginPageTest"/>
</testsuite> <!-- com.automation.qa.testcases.LoginPageTest -->
