<?xml version="1.0" encoding="UTF-8"?>
<!-- Generated by org.testng.reporters.JUnitReportReporter -->
<testsuite skipped="0" hostname="LE-PF1EPTKS" name="com.automation.qa.testcases.HomePageTest" tests="3" failures="0" timestamp="09 Mar 2020 15:53:20 GMT" time="49.807" errors="0">
  <testcase name="verifyHomePageTitleTest" time="16.766" classname="com.automation.qa.testcases.HomePageTest"/>
  <testcase name="verifyUserAccountNameTest" time="16.732" classname="com.automation.qa.testcases.HomePageTest"/>
  <testcase name="verifyMyCartLinkAndSearchBoxTest" time="16.309" classname="com.automation.qa.testcases.HomePageTest"/>
</testsuite> <!-- com.automation.qa.testcases.HomePageTest -->
