<?xml version="1.0" encoding="UTF-8"?>
<!-- Generated by org.testng.reporters.JUnitReportReporter -->
<testsuite skipped="0" hostname="LE-PF1EPTKS" name="com.automation.qa.testcases.SearchPageTest" tests="5" failures="0" timestamp="08 Mar 2020 00:21:55 GMT" time="112.817" errors="0">
  <testcase name="verifyPageTitle" time="18.813" classname="com.automation.qa.testcases.SearchPageTest"/>
  <testcase name="verifySearchBoxPresentTest" time="18.801" classname="com.automation.qa.testcases.SearchPageTest"/>
  <testcase name="verifyEnterSearchTextTest" time="18.253" classname="com.automation.qa.testcases.SearchPageTest"/>
  <testcase name="verifySearchResultNotNullTest" time="38.320" classname="com.automation.qa.testcases.SearchPageTest"/>
  <testcase name="verifyResultTextTest" time="18.630" classname="com.automation.qa.testcases.SearchPageTest"/>
</testsuite> <!-- com.automation.qa.testcases.SearchPageTest -->
