<?xml version="1.0" encoding="UTF-8"?>
<!-- Generated by org.testng.reporters.JUnitReportReporter -->
<testsuite skipped="0" hostname="LE-PF1EPTKS" name="com.automation.qa.testcases.HomePageTest" tests="6" failures="0" timestamp="08 Mar 2020 00:21:55 GMT" time="101.553" errors="0">
  <testcase name="verifyHomePageTitleTest" time="16.520" classname="com.automation.qa.testcases.HomePageTest"/>
  <testcase name="verifyUserAccountNameTest" time="16.606" classname="com.automation.qa.testcases.HomePageTest"/>
  <testcase name="verifyMyCartLinkTest" time="16.382" classname="com.automation.qa.testcases.HomePageTest"/>
  <testcase name="verifyLogoutLinkTest" time="16.797" classname="com.automation.qa.testcases.HomePageTest"/>
  <testcase name="verifyLoggingOutTest" time="18.415" classname="com.automation.qa.testcases.HomePageTest"/>
  <testcase name="verifySearchTextTest" time="16.833" classname="com.automation.qa.testcases.HomePageTest"/>
</testsuite> <!-- com.automation.qa.testcases.HomePageTest -->
