<?xml version="1.0" encoding="UTF-8"?>
<!-- Generated by org.testng.reporters.JUnitReportReporter -->
<testsuite skipped="0" hostname="LE-PF1EPTKS" name="com.automation.qa.testcases.OrderHistoryPageTest" tests="3" failures="0" timestamp="08 Mar 2020 22:49:37 GMT" time="76.434" errors="0">
  <testcase name="verifyOrderHistoryExistTest" time="17.259" classname="com.automation.qa.testcases.OrderHistoryPageTest"/>
  <testcase name="verifyOrderHistoryNotEmptyTest" time="38.542" classname="com.automation.qa.testcases.OrderHistoryPageTest"/>
  <testcase name="verifyDownloadInvoiceTest" time="20.633" classname="com.automation.qa.testcases.OrderHistoryPageTest"/>
</testsuite> <!-- com.automation.qa.testcases.OrderHistoryPageTest -->
