<?xml version="1.0" encoding="UTF-8"?>
<!-- Generated by org.testng.reporters.JUnitReportReporter -->
<testsuite skipped="0" hostname="LE-PF1EPTKS" name="com.automation.qa.testcases.SelectAndCheckoutPageTest" tests="4" failures="0" timestamp="08 Mar 2020 00:21:55 GMT" time="96.498" errors="0">
  <testcase name="verifyOrderPageTitleTest" time="22.203" classname="com.automation.qa.testcases.SelectAndCheckoutPageTest"/>
  <testcase name="validateSelectedItemTest" time="25.397" classname="com.automation.qa.testcases.SelectAndCheckoutPageTest"/>
  <testcase name="verifyAddressPresentTest" time="21.499" classname="com.automation.qa.testcases.SelectAndCheckoutPageTest"/>
  <testcase name="verifyConfirmationMessageTest" time="27.399" classname="com.automation.qa.testcases.SelectAndCheckoutPageTest"/>
</testsuite> <!-- com.automation.qa.testcases.SelectAndCheckoutPageTest -->
