<?xml version="1.0" encoding="UTF-8"?>
<!-- Generated by org.testng.reporters.JUnitReportReporter -->
<testsuite skipped="0" hostname="LE-PF1EPTKS" name="com.automation.qa.testcases.SelectAndCheckoutPageTest" tests="4" failures="0" timestamp="09 Mar 2020 15:53:20 GMT" time="99.832" errors="0">
  <testcase name="verifyOrderPageTitleTest" time="21.680" classname="com.automation.qa.testcases.SelectAndCheckoutPageTest"/>
  <testcase name="validateSelectedItemTest" time="22.368" classname="com.automation.qa.testcases.SelectAndCheckoutPageTest"/>
  <testcase name="verifyAddressPresentTest" time="23.806" classname="com.automation.qa.testcases.SelectAndCheckoutPageTest"/>
  <testcase name="verifyConfirmationMessageTest" time="31.978" classname="com.automation.qa.testcases.SelectAndCheckoutPageTest"/>
</testsuite> <!-- com.automation.qa.testcases.SelectAndCheckoutPageTest -->
