<?xml version="1.0" encoding="UTF-8"?>
<!-- Generated by org.testng.reporters.JUnitReportReporter -->
<testsuite skipped="0" hostname="LE-PF1EPTKS" name="com.automation.qa.testcases.SelectAndCheckoutPageTest" tests="4" failures="0" timestamp="08 Mar 2020 22:49:37 GMT" time="93.943" errors="0">
  <testcase name="verifyOrderPageTitleTest" time="23.457" classname="com.automation.qa.testcases.SelectAndCheckoutPageTest"/>
  <testcase name="validateSelectedItemTest" time="21.776" classname="com.automation.qa.testcases.SelectAndCheckoutPageTest"/>
  <testcase name="verifyAddressPresentTest" time="21.645" classname="com.automation.qa.testcases.SelectAndCheckoutPageTest"/>
  <testcase name="verifyConfirmationMessageTest" time="27.065" classname="com.automation.qa.testcases.SelectAndCheckoutPageTest"/>
</testsuite> <!-- com.automation.qa.testcases.SelectAndCheckoutPageTest -->
